0 info it worked if it ends with ok
1 verbose cli [ '/usr/local/bin/node',
1 verbose cli   '/usr/local/bin/npm',
1 verbose cli   'run',
1 verbose cli   'test-units' ]
2 info using npm@3.10.3
3 info using node@v6.4.0
4 verbose run-script [ 'pretest-units', 'test-units', 'posttest-units' ]
5 info lifecycle supply_compass@1.0.0~pretest-units: supply_compass@1.0.0
6 silly lifecycle supply_compass@1.0.0~pretest-units: no script for pretest-units, continuing
7 info lifecycle supply_compass@1.0.0~test-units: supply_compass@1.0.0
8 verbose lifecycle supply_compass@1.0.0~test-units: unsafe-perm in lifecycle true
9 verbose lifecycle supply_compass@1.0.0~test-units: PATH: /usr/local/lib/node_modules/npm/bin/node-gyp-bin:/Users/fergyo/Dropbox/Code/Projects/supply_compass/node_modules/.bin:/usr/local/bin:/Users/fergyo/.rvm/gems/ruby-2.2.3/bin:/Users/fergyo/.rvm/gems/ruby-2.2.3@global/bin:/Users/fergyo/.rvm/rubies/ruby-2.2.3/bin:/Users/fergyo/anaconda/bin:/usr/bin:/bin:/usr/sbin:/sbin:/usr/local/bin:/Users/fergyo/.rvm/bin
10 verbose lifecycle supply_compass@1.0.0~test-units: CWD: /Users/fergyo/Dropbox/Code/Projects/supply_compass
11 silly lifecycle supply_compass@1.0.0~test-units: Args: [ '-c',
11 silly lifecycle   './node_modules/karma-cli/bin/karma start spec/karma.conf.js' ]
12 info lifecycle supply_compass@1.0.0~test-units: Failed to exec test-units script
13 verbose stack Error: supply_compass@1.0.0 test-units: `./node_modules/karma-cli/bin/karma start spec/karma.conf.js`
13 verbose stack spawn ENOENT
13 verbose stack     at ChildProcess.<anonymous> (/usr/local/lib/node_modules/npm/lib/utils/spawn.js:33:16)
13 verbose stack     at emitTwo (events.js:106:13)
13 verbose stack     at ChildProcess.emit (events.js:191:7)
13 verbose stack     at maybeClose (internal/child_process.js:852:16)
13 verbose stack     at Process.ChildProcess._handle.onexit (internal/child_process.js:215:5)
14 verbose pkgid supply_compass@1.0.0
15 verbose cwd /Users/fergyo/Dropbox/Code/Projects/supply_compass
16 error Darwin 13.4.0
17 error argv "/usr/local/bin/node" "/usr/local/bin/npm" "run" "test-units"
18 error node v6.4.0
19 error npm  v3.10.3
20 error file sh
21 error code ELIFECYCLE
22 error errno ENOENT
23 error syscall spawn
24 error supply_compass@1.0.0 test-units: `./node_modules/karma-cli/bin/karma start spec/karma.conf.js`
24 error spawn ENOENT
25 error Failed at the supply_compass@1.0.0 test-units script './node_modules/karma-cli/bin/karma start spec/karma.conf.js'.
25 error Make sure you have the latest version of node.js and npm installed.
25 error If you do, this is most likely a problem with the supply_compass package,
25 error not with npm itself.
25 error Tell the author that this fails on your system:
25 error     ./node_modules/karma-cli/bin/karma start spec/karma.conf.js
25 error You can get information on how to open an issue for this project with:
25 error     npm bugs supply_compass
25 error Or if that isn't available, you can get their info via:
25 error     npm owner ls supply_compass
25 error There is likely additional logging output above.
26 verbose exit [ 1, true ]
